<?xml version="1.0" encoding="UTF-8"?>
<!-- Generated by org.testng.reporters.JUnitReportReporter -->
<testsuite hostname="LAPTOP-1PH6218O" failures="0" tests="3" name="com.Test.Test6_Search" time="16.056" errors="0" timestamp="2024-01-17T15:20:27 IST" skipped="0">
  <testcase classname="com.Test.Test6_Search" name="VerifySearch" time="4.900"/>
  <testcase classname="com.Test.Test6_Search" name="VerifySearch" time="7.591"/>
  <testcase classname="com.Test.Test6_Search" name="VerifySearch" time="3.565"/>
</testsuite> <!-- com.Test.Test6_Search -->
