<?xml version="1.0" encoding="UTF-8"?>
<!-- Generated by org.testng.reporters.JUnitReportReporter -->
<testsuite hostname="LAPTOP-1PH6218O" failures="0" tests="1" name="com.Test.Test3" time="2.759" errors="0" timestamp="2024-01-15T23:36:53 IST" skipped="0">
  <testcase classname="com.Test.Test3" name="test2" time="2.759"/>
</testsuite> <!-- com.Test.Test3 -->
