<?xml version="1.0" encoding="UTF-8"?>
<!-- Generated by org.testng.reporters.JUnitReportReporter -->
<testsuite hostname="LAPTOP-1PH6218O" failures="0" tests="3" name="com.Test.Test5_Footer" time="14.615" errors="0" timestamp="2024-01-16T16:00:05 IST" skipped="0">
  <testcase classname="com.Test.Test5_Footer" name="VerifyFooterSection" time="9.008"/>
  <testcase classname="com.Test.Test5_Footer" name="VerifyFooterSection" time="1.535"/>
  <testcase classname="com.Test.Test5_Footer" name="VerifyFooterSection" time="4.072"/>
</testsuite> <!-- com.Test.Test5_Footer -->
