<?xml version="1.0" encoding="UTF-8"?>
<!-- Generated by org.testng.reporters.JUnitReportReporter -->
<testsuite hostname="LAPTOP-1PH6218O" failures="0" tests="3" name="com.Test.Test8_Recruitment" time="14.541" errors="0" timestamp="2024-01-16T16:00:05 IST" skipped="0">
  <testcase classname="com.Test.Test8_Recruitment" name="VerifyRecruitementPage" time="9.022"/>
  <testcase classname="com.Test.Test8_Recruitment" name="VerifyRecruitementPage" time="1.534"/>
  <testcase classname="com.Test.Test8_Recruitment" name="VerifyRecruitementPage" time="3.985"/>
</testsuite> <!-- com.Test.Test8_Recruitment -->
