<?xml version="1.0" encoding="UTF-8"?>
<!-- Generated by org.testng.reporters.JUnitReportReporter -->
<testsuite hostname="LAPTOP-1PH6218O" failures="0" tests="3" name="com.Test.Test1" time="20.300" errors="0" timestamp="2024-01-16T01:18:14 IST" skipped="0">
  <testcase classname="com.Test.Test1" name="verify_HomePageNavigation" time="11.396"/>
  <testcase classname="com.Test.Test1" name="verify_HomePageNavigation" time="5.081"/>
  <testcase classname="com.Test.Test1" name="verify_HomePageNavigation" time="3.823"/>
</testsuite> <!-- com.Test.Test1 -->
