<?xml version="1.0" encoding="UTF-8"?>
<!-- Generated by org.testng.reporters.JUnitReportReporter -->
<testsuite hostname="LAPTOP-1PH6218O" failures="0" tests="3" name="com.Test.Test2_Helpline" time="14.829" errors="0" timestamp="2024-01-16T16:00:05 IST" skipped="0">
  <testcase classname="com.Test.Test2_Helpline" name="VerifyHelpline" time="4.163"/>
  <testcase classname="com.Test.Test2_Helpline" name="VerifyHelpline" time="9.044"/>
  <testcase classname="com.Test.Test2_Helpline" name="VerifyHelpline" time="1.622"/>
</testsuite> <!-- com.Test.Test2_Helpline -->
