<?xml version="1.0" encoding="UTF-8"?>
<!-- Generated by org.testng.reporters.JUnitReportReporter -->
<testsuite hostname="LAPTOP-1PH6218O" failures="0" tests="3" name="com.Test.Test5" time="13.505" errors="0" timestamp="2024-01-16T01:18:14 IST" skipped="0">
  <testcase classname="com.Test.Test5" name="VerifyFooterSection" time="5.006"/>
  <testcase classname="com.Test.Test5" name="VerifyFooterSection" time="5.740"/>
  <testcase classname="com.Test.Test5" name="VerifyFooterSection" time="2.759"/>
</testsuite> <!-- com.Test.Test5 -->
