<?xml version="1.0" encoding="UTF-8"?>
<!-- Generated by org.testng.reporters.JUnitReportReporter -->
<testsuite hostname="LAPTOP-1PH6218O" failures="0" tests="3" name="com.Test.Test10_Commission" time="16.365" errors="0" timestamp="2024-01-17T15:20:27 IST" skipped="0">
  <testcase classname="com.Test.Test10_Commission" name="VerifyTheCommissinPage" time="5.471"/>
  <testcase classname="com.Test.Test10_Commission" name="VerifyTheCommissinPage" time="3.113"/>
  <testcase classname="com.Test.Test10_Commission" name="VerifyTheCommissinPage" time="7.781"/>
</testsuite> <!-- com.Test.Test10_Commission -->
