<?xml version="1.0" encoding="UTF-8"?>
<!-- Generated by org.testng.reporters.JUnitReportReporter -->
<testsuite hostname="LAPTOP-1PH6218O" failures="0" tests="3" name="com.Test.Test6_Search" time="14.478" errors="0" timestamp="2024-01-16T16:00:05 IST" skipped="0">
  <testcase classname="com.Test.Test6_Search" name="VerifySearch" time="1.493"/>
  <testcase classname="com.Test.Test6_Search" name="VerifySearch" time="4.011"/>
  <testcase classname="com.Test.Test6_Search" name="VerifySearch" time="8.974"/>
</testsuite> <!-- com.Test.Test6_Search -->
