<?xml version="1.0" encoding="UTF-8"?>
<!-- Generated by org.testng.reporters.JUnitReportReporter -->
<testsuite hostname="LAPTOP-1PH6218O" failures="0" tests="3" name="com.Test.Test3" time="13.913" errors="0" timestamp="2024-01-16T01:18:14 IST" skipped="0">
  <testcase classname="com.Test.Test3" name="VerifyCardSection" time="6.153"/>
  <testcase classname="com.Test.Test3" name="VerifyCardSection" time="5.112"/>
  <testcase classname="com.Test.Test3" name="VerifyCardSection" time="2.648"/>
</testsuite> <!-- com.Test.Test3 -->
