<?xml version="1.0" encoding="UTF-8"?>
<!-- Generated by org.testng.reporters.JUnitReportReporter -->
<testsuite hostname="LAPTOP-1PH6218O" failures="0" tests="3" name="com.Test.Test1_HomePageNavigation" time="143.610" errors="0" timestamp="2024-01-16T16:00:05 IST" skipped="0">
  <testcase classname="com.Test.Test1_HomePageNavigation" name="verify_HomePageNavigation" time="75.232"/>
  <testcase classname="com.Test.Test1_HomePageNavigation" name="verify_HomePageNavigation" time="33.631"/>
  <testcase classname="com.Test.Test1_HomePageNavigation" name="verify_HomePageNavigation" time="34.747"/>
</testsuite> <!-- com.Test.Test1_HomePageNavigation -->
