<?xml version="1.0" encoding="UTF-8"?>
<!-- Generated by org.testng.reporters.JUnitReportReporter -->
<testsuite hostname="LAPTOP-1PH6218O" failures="0" tests="3" name="com.Test.Test9_WhatsNew" time="14.338" errors="0" timestamp="2024-01-16T16:00:05 IST" skipped="0">
  <testcase classname="com.Test.Test9_WhatsNew" name="VerifyWhatsNew" time="3.976"/>
  <testcase classname="com.Test.Test9_WhatsNew" name="VerifyWhatsNew" time="1.479"/>
  <testcase classname="com.Test.Test9_WhatsNew" name="VerifyWhatsNew" time="8.883"/>
</testsuite> <!-- com.Test.Test9_WhatsNew -->
