<?xml version="1.0" encoding="UTF-8"?>
<!-- Generated by org.testng.reporters.JUnitReportReporter -->
<testsuite hostname="LAPTOP-1PH6218O" failures="0" tests="3" name="com.Test.Test7_Examination" time="15.026" errors="0" timestamp="2024-01-17T15:20:27 IST" skipped="0">
  <testcase classname="com.Test.Test7_Examination" name="VerifyActiveExamination" time="4.889"/>
  <testcase classname="com.Test.Test7_Examination" name="VerifyActiveExamination" time="3.052"/>
  <testcase classname="com.Test.Test7_Examination" name="VerifyActiveExamination" time="7.085"/>
</testsuite> <!-- com.Test.Test7_Examination -->
