<?xml version="1.0" encoding="UTF-8"?>
<!-- Generated by org.testng.reporters.JUnitReportReporter -->
<testsuite hostname="LAPTOP-1PH6218O" failures="0" tests="3" name="com.Test.Test10_Commission" time="14.443" errors="0" timestamp="2024-01-16T16:00:05 IST" skipped="0">
  <testcase classname="com.Test.Test10_Commission" name="VerifyTheCommissinPage" time="9.006"/>
  <testcase classname="com.Test.Test10_Commission" name="VerifyTheCommissinPage" time="4.021"/>
  <testcase classname="com.Test.Test10_Commission" name="VerifyTheCommissinPage" time="1.416"/>
</testsuite> <!-- com.Test.Test10_Commission -->
