<?xml version="1.0" encoding="UTF-8"?>
<!-- Generated by org.testng.reporters.JUnitReportReporter -->
<testsuite hostname="LAPTOP-1PH6218O" failures="0" tests="3" name="com.Test.Test9_WhatsNew" time="16.075" errors="0" timestamp="2024-01-17T15:20:27 IST" skipped="0">
  <testcase classname="com.Test.Test9_WhatsNew" name="VerifyWhatsNew" time="7.854"/>
  <testcase classname="com.Test.Test9_WhatsNew" name="VerifyWhatsNew" time="5.125"/>
  <testcase classname="com.Test.Test9_WhatsNew" name="VerifyWhatsNew" time="3.096"/>
</testsuite> <!-- com.Test.Test9_WhatsNew -->
