<?xml version="1.0" encoding="UTF-8"?>
<!-- Generated by org.testng.reporters.JUnitReportReporter -->
<testsuite hostname="LAPTOP-1PH6218O" failures="0" tests="3" name="com.Test.Test5_Footer" time="15.008" errors="0" timestamp="2024-01-17T15:20:27 IST" skipped="0">
  <testcase classname="com.Test.Test5_Footer" name="VerifyFooterSection" time="4.566"/>
  <testcase classname="com.Test.Test5_Footer" name="VerifyFooterSection" time="7.346"/>
  <testcase classname="com.Test.Test5_Footer" name="VerifyFooterSection" time="3.096"/>
</testsuite> <!-- com.Test.Test5_Footer -->
