<?xml version="1.0" encoding="UTF-8"?>
<!-- Generated by org.testng.reporters.JUnitReportReporter -->
<testsuite hostname="LAPTOP-1PH6218O" failures="0" tests="3" name="com.Test.Test4_AlertSection" time="15.558" errors="0" timestamp="2024-01-17T15:20:27 IST" skipped="0">
  <testcase classname="com.Test.Test4_AlertSection" name="VerifyAlertSection" time="3.134"/>
  <testcase classname="com.Test.Test4_AlertSection" name="VerifyAlertSection" time="5.364"/>
  <testcase classname="com.Test.Test4_AlertSection" name="VerifyAlertSection" time="7.060"/>
</testsuite> <!-- com.Test.Test4_AlertSection -->
