<?xml version="1.0" encoding="UTF-8"?>
<!-- Generated by org.testng.reporters.JUnitReportReporter -->
<testsuite hostname="LAPTOP-1PH6218O" failures="0" tests="1" name="com.Test.Test2" time="2.778" errors="0" timestamp="2024-01-15T23:36:53 IST" skipped="0">
  <testcase classname="com.Test.Test2" name="test2" time="2.778"/>
</testsuite> <!-- com.Test.Test2 -->
