<?xml version="1.0" encoding="UTF-8"?>
<!-- Generated by org.testng.reporters.JUnitReportReporter -->
<testsuite hostname="LAPTOP-1PH6218O" failures="0" tests="3" name="com.Test.Test4" time="13.956" errors="0" timestamp="2024-01-16T01:18:14 IST" skipped="0">
  <testcase classname="com.Test.Test4" name="VerifyAlertSection" time="6.015"/>
  <testcase classname="com.Test.Test4" name="VerifyAlertSection" time="4.950"/>
  <testcase classname="com.Test.Test4" name="VerifyAlertSection" time="2.991"/>
</testsuite> <!-- com.Test.Test4 -->
