<?xml version="1.0" encoding="UTF-8"?>
<!-- Generated by org.testng.reporters.JUnitReportReporter -->
<testsuite hostname="LAPTOP-1PH6218O" failures="0" tests="3" name="com.Test.Test6" time="14.308" errors="0" timestamp="2024-01-16T01:18:14 IST" skipped="0">
  <testcase classname="com.Test.Test6" name="VerifySearch" time="5.196"/>
  <testcase classname="com.Test.Test6" name="VerifySearch" time="3.046"/>
  <testcase classname="com.Test.Test6" name="VerifySearch" time="6.066"/>
</testsuite> <!-- com.Test.Test6 -->
