<?xml version="1.0" encoding="UTF-8"?>
<!-- Generated by org.testng.reporters.JUnitReportReporter -->
<testsuite hostname="LAPTOP-1PH6218O" failures="0" tests="3" name="com.Test.Test2" time="14.823" errors="0" timestamp="2024-01-16T01:18:14 IST" skipped="0">
  <testcase classname="com.Test.Test2" name="VerifyHelplin" time="3.632"/>
  <testcase classname="com.Test.Test2" name="VerifyHelplin" time="5.912"/>
  <testcase classname="com.Test.Test2" name="VerifyHelplin" time="5.279"/>
</testsuite> <!-- com.Test.Test2 -->
