<?xml version="1.0" encoding="UTF-8"?>
<!-- Generated by org.testng.reporters.JUnitReportReporter -->
<testsuite hostname="LAPTOP-1PH6218O" failures="0" tests="3" name="com.Test.Test8_Recruitment" time="16.293" errors="0" timestamp="2024-01-17T15:20:27 IST" skipped="0">
  <testcase classname="com.Test.Test8_Recruitment" name="VerifyRecruitementPage" time="7.925"/>
  <testcase classname="com.Test.Test8_Recruitment" name="VerifyRecruitementPage" time="3.024"/>
  <testcase classname="com.Test.Test8_Recruitment" name="VerifyRecruitementPage" time="5.344"/>
</testsuite> <!-- com.Test.Test8_Recruitment -->
