<?xml version="1.0" encoding="UTF-8"?>
<!-- Generated by org.testng.reporters.JUnitReportReporter -->
<testsuite hostname="LAPTOP-1PH6218O" failures="0" tests="3" name="com.Test.Test4_AlertSection" time="8.580" errors="0" timestamp="2024-01-16T16:00:05 IST" skipped="0">
  <testcase classname="com.Test.Test4_AlertSection" name="VerifyAlertSection" time="1.486"/>
  <testcase classname="com.Test.Test4_AlertSection" name="VerifyAlertSection" time="3.113"/>
  <testcase classname="com.Test.Test4_AlertSection" name="VerifyAlertSection" time="3.981"/>
</testsuite> <!-- com.Test.Test4_AlertSection -->
