<?xml version="1.0" encoding="UTF-8"?>
<!-- Generated by org.testng.reporters.JUnitReportReporter -->
<testsuite hostname="LAPTOP-1PH6218O" failures="0" tests="1" name="com.Test.Test3_CardSection" time="3.035" errors="0" timestamp="2024-01-18T15:13:01 IST" skipped="0">
  <testcase classname="com.Test.Test3_CardSection" name="VerifyCardSection" time="3.035"/>
</testsuite> <!-- com.Test.Test3_CardSection -->
