<?xml version="1.0" encoding="UTF-8"?>
<!-- Generated by org.testng.reporters.JUnitReportReporter -->
<testsuite hostname="LAPTOP-1PH6218O" failures="0" tests="3" name="com.Test.Test3_CardSection" time="14.732" errors="0" timestamp="2024-01-16T16:00:05 IST" skipped="0">
  <testcase classname="com.Test.Test3_CardSection" name="VerifyCardSection" time="1.509"/>
  <testcase classname="com.Test.Test3_CardSection" name="VerifyCardSection" time="8.998"/>
  <testcase classname="com.Test.Test3_CardSection" name="VerifyCardSection" time="4.225"/>
</testsuite> <!-- com.Test.Test3_CardSection -->
