<?xml version="1.0" encoding="UTF-8"?>
<!-- Generated by org.testng.reporters.JUnitReportReporter -->
<testsuite hostname="LAPTOP-1PH6218O" failures="0" tests="1" name="com.Test.Test2_Helpline" time="4.679" errors="0" timestamp="2024-01-17T16:19:20 IST" skipped="0">
  <testcase classname="com.Test.Test2_Helpline" name="VerifyHelpline" time="4.679"/>
</testsuite> <!-- com.Test.Test2_Helpline -->
