<?xml version="1.0" encoding="UTF-8"?>
<!-- Generated by org.testng.reporters.JUnitReportReporter -->
<testsuite hostname="LAPTOP-1PH6218O" failures="0" tests="3" name="com.Test.Test7_Examination" time="14.470" errors="0" timestamp="2024-01-16T16:00:05 IST" skipped="0">
  <testcase classname="com.Test.Test7_Examination" name="VerifyActiveExamination" time="8.957"/>
  <testcase classname="com.Test.Test7_Examination" name="VerifyActiveExamination" time="1.413"/>
  <testcase classname="com.Test.Test7_Examination" name="VerifyActiveExamination" time="4.100"/>
</testsuite> <!-- com.Test.Test7_Examination -->
